digraph path {
	node [label="\N"];
	graph [bb="0,0,253.32,320"];
	0 [pos="68.324,301", width="0.75", height="0.52778"];
	2 [pos="27.324,19", width="0.75", height="0.52778"];
	4 [pos="208.32,19", width="0.75", height="0.52778"];
	1 [pos="68.324,207", width="0.75", height="0.52778"];
	3 [pos="148.32,113", width="0.75", height="0.52778"];
	1 -> 0 [label="  1.0", pos="e,68.324,281.98 68.324,226.32 68.324,239.42 68.324,256.99 68.324,271.79", lp="80.824,254"];
	4 -> 3 [label="  1.0", pos="e,166.25,98.521 203.35,37.677 199.73,49.302 194.1,64.227 186.32,76 182.73,81.446 178.21,86.713 173.56,91.482", lp="208.82,66"];
	3 -> 4 [label="  1.0", pos="e,220.52,36.221 174.62,107.92 192.28,102.99 214.27,93.577 225.32,76 231.12,66.792 229.26,55.511 225.08,45.422", lp="240.82,66"];
	3 -> 1 [label="  1.0", pos="e,94.887,203.08 155.06,131.65 158.13,143.55 159.64,158.78 152.32,170 141.77,186.18 122.38,195.33 104.89,200.48", lp="169.82,160"];
	1 -> 3 [label="  1.0", pos="e,135.92,130.11 84.149,191.53 90.583,185.04 97.982,177.31 104.32,170 113.09,159.89 122.22,148.27 129.87,138.17", lp="132.82,160"];
	3 -> 2 [label=" 10.0", pos="e,40.912,35.492 125.62,102.36 112.4,95.665 95.741,86.351 82.324,76 69.796,66.334 57.418,53.842 47.586,43.016", lp="96.324,66"];
	2 -> 3 [label=" 10.0", pos="e,139.68,94.847 52.609,26.13 70.206,32.023 93.446,41.753 110.32,56 120.1,64.248 128.36,75.62 134.66,86.039", lp="141.32,66"];
	2 -> 1 [label="  2.5", pos="e,54.325,190.75 22.624,37.822 17.771,60.604 12.098,99.902 21.324,132 26.633,150.47 37.969,168.79 48.178,182.7", lp="33.824,113"];
	0 -> 1 [label="  1.0", pos="e,52.416,222.52 52.416,285.48 47.196,279.34 42.041,271.87 39.324,264 36.424,255.6 36.424,252.4 39.324,244 40.937,239.33 43.41,234.8\
 46.246,230.6", lp="51.824,254"];
	1 -> 2 [label="  2.5", pos="e,32.379,37.732 64.985,188.14 60.927,165.65 53.702,126.96 46.324,94 42.888,78.645 38.618,61.639 34.997,47.708", lp="66.824,113"];
	1 -> 0 [color=blue, pos="e,82.885,284.87 82.885,223.13 87.472,229.23 91.957,236.51 94.324,244 97.004,252.48 97.004,255.52 94.324,264 92.993,268.21 90.991\
,272.36 88.678,276.26"];
	1 -> 3 [color=blue, pos="e,130.3,127.63 78.924,189.26 86.256,177.6 96.592,162.28 107.32,150 111.99,144.66 117.38,139.33 122.68,134.43"];
	3 -> 4 [color=blue, pos="e,197.09,36.601 159.61,95.319 168.58,81.271 181.26,61.403 191.43,45.461"];
	1 -> 2 [color=blue, pos="e,11.525,34.847 45.104,197.01 34.691,190.35 23.482,180.85 16.324,170 6.573,155.22 7.0226,149.5 4.3244,132 -0.8214,98.616 -1.7515\
,89.227 4.3244,56 5.0406,52.084 6.1503,48.044 7.543,44.137"];
	1 -> 2 [color=red, pos="e,27.189,38.208 53.556,190.96 46.878,185.07 39.53,177.89 34.324,170 24.573,155.22 25.023,149.5 22.324,132 17.179,98.616 16.248,89.227\
 22.324,56 22.817,53.306 23.496,50.554 24.257,47.826"];
}
