digraph tree {
	node [label="\N"];
	graph [bb="0,0,799.32,414"];
	0 [pos="302,395", width="0.75", height="0.52778"];
	2 [pos="74.999,301", width="0.75", height="0.52778"];
	6 [pos="165,207", width="0.75", height="0.52778"];
	14 [pos="727,113", width="0.75", height="0.52778"];
	13 [pos="159,113", width="0.75", height="0.52778"];
	15 [pos="530,113", width="0.75", height="0.52778"];
	12 [pos="288,113", width="0.75", height="0.52778"];
	11 [pos="409,113", width="0.75", height="0.52778"];
	10 [pos="534,207", width="0.75", height="0.52778"];
	9 [pos="678,19", width="0.75", height="0.52778"];
	8 [pos="739,207", width="0.75", height="0.52778"];
	5 [pos="290,207", width="0.75", height="0.52778"];
	7 [pos="41.999,207", width="0.75", height="0.52778"];
	4 [pos="411,207", width="0.75", height="0.52778"];
	1 [pos="297,301", width="0.75", height="0.52778"];
	3 [pos="590,301", width="0.75", height="0.52778"];
	10 -> 15 [label="  1.0", pos="e,507.92,124.37 511.16,196.67 500.54,190.55 488.96,181.69 483,170 478.96,162.08 479.12,158 483,150 486.7,142.38 492.81,135.86 499.42\
,130.51", lp="495.5,160"];
	15 -> 10 [label="  1.0", pos="e,532.21,187.81 530.03,132.01 530.13,143.1 530.38,157.35 531,170 531.12,172.53 531.28,175.16 531.46,177.8", lp="543.5,160"];
	14 -> 9 [label="  1.0", pos="e,687.42,37.069 717.55,94.876 710.37,81.091 700.36,61.897 692.21,46.263", lp="718.5,66"];
	14 -> 8 [label="  1.0", pos="e,736.57,187.98 729.42,131.99 731.1,145.11 733.36,162.81 735.26,177.72", lp="746.5,160"];
	13 -> 6 [label="  1.0", pos="e,168.87,187.94 165.67,131.59 167.44,137.4 169.11,143.9 170,150 171.32,159.04 171.04,168.95 170.15,177.93", lp="183.5,160"];
	12 -> 5 [label="  1.0", pos="e,289.45,187.8 288.29,132 288.47,143.08 288.72,157.33 289,170 289.06,172.53 289.12,175.16 289.18,177.79", lp="301.5,160"];
	11 -> 4 [label="  1.0", pos="e,410.45,187.8 409.29,132 409.47,143.08 409.72,157.33 410,170 410.06,172.53 410.12,175.16 410.18,177.79", lp="422.5,160"];
	10 -> 3 [label="  1.0", pos="e,567.33,290.28 531.83,226.13 531.41,237.79 532.54,252.59 539,264 543.71,272.32 551.15,279.27 558.9,284.82", lp="551.5,254"];
	9 -> 3 [label="  1.0", pos="e,604.11,284.55 675.81,37.957 670.39,80.242 654.03,184.78 617,264 615.05,268.16 612.61,272.34 609.99,276.3", lp="667.5,160"];
	8 -> 3 [label="  1.0", pos="e,617.21,298.7 733.67,225.88 729.23,238.34 721.72,254.13 710,264 686.69,283.62 653.07,292.84 627.34,297.18", lp="737.5,254"];
	7 -> 2 [label="  1.0", pos="e,68.48,282.43 48.506,225.53 53.248,239.04 59.758,257.58 65.137,272.91", lp="74.499,254"];
	6 -> 1 [label="  1.0", pos="e,270.66,296.67 162.4,226.01 161.81,238.21 163.24,253.65 172,264 183.48,277.56 227.9,288.4 260.53,294.76", lp="184.5,254"];
	5 -> 1 [label="  1.0", pos="e,294.72,281.82 290.74,226.02 291.23,237.11 291.98,251.36 293,264 293.2,266.54 293.44,269.17 293.69,271.8", lp="305.5,254"];
	4 -> 1 [label="  1.0", pos="e,323.46,296.78 408.46,226.06 405.92,238.28 400.89,253.73 391,264 375.67,279.92 352.65,289.13 333.23,294.38", lp="415.5,254"];
	3 -> 0 [label="  1.0", pos="e,328.71,392.1 574.69,316.95 561.08,330.12 539.98,348.19 518,358 486.57,372.02 391.66,384.71 338.71,390.94", lp="562.5,348"];
	2 -> 0 [label="  1.0", pos="e,276.46,388.76 95.521,313.61 116.45,326.08 150.14,345.13 181,358 209.03,369.69 242.07,379.54 266.54,386.14", lp="193.5,348"];
	8 -> 14 [label="  1.0", pos="e,712.32,129.39 719.96,193.29 712.93,187.07 705.75,179.06 702,170 697.63,159.45 701.13,147.9 706.74,137.97", lp="714.5,160"];
	1 -> 0 [label="  1.0", pos="e,278.03,386.03 274,311.08 263.1,317.17 251.14,326.08 245,338 240.92,345.9 240.76,350.19 245,358 250.33,367.82 259.52,375.44 268.99\
,381.14", lp="257.5,348"];
	6 -> 13 [label="  1.0", pos="e,139.37,126.17 143.37,195.1 134.39,188.9 124.92,180.43 120,170 116.2,161.96 116.49,158.17 120,150 122.66,143.81 126.92,138.17 131.67\
,133.26", lp="132.5,160"];
	5 -> 12 [label="  1.0", pos="e,272.34,128.97 273.55,191.57 268.15,185.44 262.82,177.95 260,170 257.03,161.62 257.17,158.43 260,150 261.48,145.59 263.72,141.28\
 266.3,137.25", lp="272.5,160"];
	4 -> 11 [label="  1.0", pos="e,393.34,128.97 394.55,191.57 389.15,185.44 383.82,177.95 381,170 378.03,161.62 378.17,158.43 381,150 382.48,145.59 384.72,141.28\
 387.3,137.25", lp="393.5,160"];
	3 -> 10 [label="  1.0", pos="e,517.17,221.97 563.24,297.35 543.19,293.07 517.05,283.82 504,264 496.84,253.13 502.39,240.37 510.57,229.68", lp="516.5,254"];
	3 -> 9 [label="  1.0", pos="e,668.86,37.224 592.79,282.1 597.32,253.2 607.29,196.5 622,150 633.64,113.2 651.9,72.582 664.38,46.479", lp="634.5,160"];
	3 -> 8 [label="  1.0", pos="e,717.76,218.85 613.53,291.34 628.19,284.75 647.04,275.21 662,264 671.81,256.65 671.54,251.8 681,244 689.66,236.86 699.78,229.98\
 709.11,224.12", lp="693.5,254"];
	2 -> 7 [label="  1.0", pos="e,22.657,220.33 49.293,295.1 32.946,289.87 13.031,280.43 2.9994,264 -4.6877,251.41 4.0248,237.75 15.148,226.96", lp="15.499,254"];
	1 -> 6 [label="  1.0", pos="e,147.98,221.97 270.03,298.82 228.41,294.84 151.59,284.81 135,264 126.7,253.59 132.61,240.53 141.31,229.54", lp="147.5,254"];
	1 -> 5 [label="  1.0", pos="e,274.58,223.19 279.12,286.65 272.76,280.44 266.36,272.62 263,264 258.76,253.11 262.74,241.39 268.84,231.43", lp="275.5,254"];
	1 -> 4 [label="  1.0", pos="e,392.14,220.74 313.54,285.89 326.51,274.2 345.12,257.74 362,244 369.01,238.29 376.75,232.3 383.98,226.85", lp="374.5,254"];
	0 -> 3 [label="  1.0", pos="e,564.51,308.15 326.18,386.13 357.89,374.59 415.36,354.02 465,338 495.1,328.29 529.59,318.15 554.7,310.95", lp="477.5,348"];
	0 -> 2 [label="  1.0", pos="e,69.697,319.85 274.87,392.5 217.68,386.95 88.905,372.92 75.999,358 69.417,350.39 67.905,339.83 68.475,329.87", lp="88.499,348"];
	0 -> 1 [label="  1.0", pos="e,271.16,307.02 275.18,391.8 254.34,387.75 226.75,378.6 213,358 197.75,335.15 232.22,318.99 261.51,309.85", lp="225.5,348"];
	1 -> 0 [color=blue, pos="e,290.35,377.76 287.1,318.77 284.92,332.52 285.43,351.81 288.14,367.55"];
	0 -> 2 [color=blue, pos="e,88.509,317.79 274.92,393.34 240.76,390.3 181.05,381.76 136,358 120.69,349.92 106.39,336.98 95.484,325.46"];
	1 -> 6 [color=blue, pos="e,184.22,220.68 277.81,287.33 255.32,271.32 217.9,244.67 192.38,226.5"];
	6 -> 13 [color=blue, pos="e,160.21,131.99 163.79,187.98 162.95,174.85 161.82,157.16 160.87,142.25"];
	1 -> 5 [color=blue, pos="e,305.66,222.97 309.53,284.13 316.35,272.83 322.56,257.6 318,244 316.52,239.59 314.28,235.28 311.7,231.25"];
	5 -> 12 [color=blue, pos="e,302.56,129.13 303.71,190.34 307.85,184.3 311.87,177.2 314,170 316.52,161.48 316.68,158.48 314,150 312.67,145.79 310.67,141.64 \
308.35,137.74"];
	2 -> 7 [color=blue, pos="e,45.52,226.07 64.855,283.32 61.705,277.32 58.426,270.49 55.999,264 52.656,255.05 49.884,245.02 47.714,235.89"];
	1 -> 4 [color=blue, pos="e,425.01,223.5 323.61,297.53 359.08,292.3 418.92,281.15 432,264 439.07,254.73 436.12,242.83 430.47,232.3"];
	4 -> 11 [color=blue, pos="e,423.56,129.13 424.71,190.34 428.85,184.3 432.87,177.2 435,170 437.52,161.48 437.68,158.48 435,150 433.67,145.79 431.67,141.64 \
429.35,137.74"];
	0 -> 3 [color=blue, pos="e,567.48,311.52 328.9,393.29 366.37,390.13 435.78,381.39 490,358 504.04,351.94 504.94,345.96 518,338 530.81,330.19 545.46,322.46\
 558.19,316.1"];
	3 -> 10 [color=blue, pos="e,548.68,223.27 582.93,282.43 578.24,270.98 571.56,256.21 564,244 561.36,239.74 558.29,235.43 555.15,231.32"];
	10 -> 15 [color=blue, pos="e,544.56,129.13 546.58,190.19 550.38,184.14 554.06,177.06 556,170 558.36,161.43 558.68,158.48 556,150 554.67,145.79 552.67,141.64\
 550.35,137.74"];
	3 -> 9 [color=blue, pos="e,699.62,30.524 617.03,299.2 662.07,295.62 749.57,285.95 770,264 821.51,208.64 795.21,162.42 763,94 754.06,75.02 750.27,70.388 735\
,56 727.08,48.536 717.47,41.646 708.41,35.887"];
	3 -> 8 [color=blue, pos="e,750.82,224.35 616.96,298.91 659,295.02 737.14,285.09 754,264 760.9,255.37 759.31,243.88 755.17,233.48"];
	8 -> 14 [color=blue, pos="e,745.91,127.16 753.15,190.58 761.17,179.22 768.58,163.73 763,150 760.71,144.36 757.1,139.11 753.03,134.44"];
	1 -> 0 [color=red, pos="e,300.99,375.98 298.01,319.99 298.71,333.11 299.65,350.81 300.44,365.72"];
	1 -> 0 [color=red, pos="e,311.95,376.88 308.7,318.43 312.33,331.95 313.92,350.95 313,366.65"];
}
